{"/Users/isakamanlarsson/Code/upcoming-concerts/server/eventInfoParser.js": {"path":"/Users/isakamanlarsson/Code/upcoming-concerts/server/eventInfoParser.js","statementMap":{"0":{"start":{"line":1,"column":24},"end":{"line":10,"column":1}},"1":{"start":{"line":12,"column":26},"end":{"line":21,"column":1}},"2":{"start":{"line":22,"column":30},"end":{"line":27,"column":1}},"3":{"start":{"line":23,"column":20},"end":{"line":25,"column":5}},"4":{"start":{"line":24,"column":8},"end":{"line":24,"column":29}},"5":{"start":{"line":26,"column":4},"end":{"line":26,"column":18}},"6":{"start":{"line":29,"column":36},"end":{"line":43,"column":1}},"7":{"start":{"line":33,"column":20},"end":{"line":33,"column":22}},"8":{"start":{"line":34,"column":4},"end":{"line":34,"column":62}},"9":{"start":{"line":34,"column":54},"end":{"line":34,"column":61}},"10":{"start":{"line":35,"column":4},"end":{"line":41,"column":5}},"11":{"start":{"line":36,"column":24},"end":{"line":39,"column":9}},"12":{"start":{"line":40,"column":8},"end":{"line":40,"column":38}},"13":{"start":{"line":42,"column":4},"end":{"line":42,"column":20}}},"fnMap":{"0":{"name":"(anonymous_0)","decl":{"start":{"line":22,"column":30},"end":{"line":22,"column":31}},"loc":{"start":{"line":22,"column":62},"end":{"line":27,"column":1}},"line":22},"1":{"name":"(anonymous_1)","decl":{"start":{"line":23,"column":53},"end":{"line":23,"column":54}},"loc":{"start":{"line":24,"column":8},"end":{"line":24,"column":29}},"line":24},"2":{"name":"(anonymous_2)","decl":{"start":{"line":29,"column":36},"end":{"line":29,"column":37}},"loc":{"start":{"line":32,"column":5},"end":{"line":43,"column":1}},"line":32},"3":{"name":"(anonymous_3)","decl":{"start":{"line":34,"column":46},"end":{"line":34,"column":47}},"loc":{"start":{"line":34,"column":54},"end":{"line":34,"column":61}},"line":34}},"branchMap":{"0":{"loc":{"start":{"line":31,"column":4},"end":{"line":31,"column":35}},"type":"default-arg","locations":[{"start":{"line":31,"column":18},"end":{"line":31,"column":35}}],"line":31}},"s":{"0":1,"1":1,"2":1,"3":0,"4":0,"5":0,"6":1,"7":1,"8":1,"9":0,"10":0,"11":0,"12":0,"13":0},"f":{"0":0,"1":0,"2":1,"3":0},"b":{"0":[1]},"_coverageSchema":"1a1c01bbd47fc00a2c39e90264f33305004495a9","hash":"e0c4c83fddb422278447c48b6857a16d6b059ffb"}
,"/Users/isakamanlarsson/Code/upcoming-concerts/server/server.js": {"path":"/Users/isakamanlarsson/Code/upcoming-concerts/server/server.js","statementMap":{"0":{"start":{"line":6,"column":16},"end":{"line":6,"column":25}},"1":{"start":{"line":7,"column":4},"end":{"line":14,"column":6}},"2":{"start":{"line":8,"column":8},"end":{"line":8,"column":54}},"3":{"start":{"line":9,"column":8},"end":{"line":12,"column":9}},"4":{"start":{"line":13,"column":8},"end":{"line":13,"column":14}},"5":{"start":{"line":15,"column":4},"end":{"line":18,"column":6}},"6":{"start":{"line":16,"column":8},"end":{"line":16,"column":49}},"7":{"start":{"line":17,"column":8},"end":{"line":17,"column":14}},"8":{"start":{"line":19,"column":4},"end":{"line":19,"column":27}},"9":{"start":{"line":20,"column":4},"end":{"line":20,"column":19}},"10":{"start":{"line":21,"column":4},"end":{"line":21,"column":26}},"11":{"start":{"line":22,"column":4},"end":{"line":22,"column":14}}},"fnMap":{"0":{"name":"createServer","decl":{"start":{"line":5,"column":16},"end":{"line":5,"column":28}},"loc":{"start":{"line":5,"column":31},"end":{"line":23,"column":1}},"line":5},"1":{"name":"(anonymous_1)","decl":{"start":{"line":7,"column":12},"end":{"line":7,"column":13}},"loc":{"start":{"line":7,"column":38},"end":{"line":14,"column":5}},"line":7},"2":{"name":"(anonymous_2)","decl":{"start":{"line":15,"column":12},"end":{"line":15,"column":13}},"loc":{"start":{"line":15,"column":32},"end":{"line":18,"column":5}},"line":15}},"branchMap":{},"s":{"0":1,"1":1,"2":2,"3":2,"4":2,"5":1,"6":2,"7":2,"8":1,"9":1,"10":1,"11":1},"f":{"0":1,"1":2,"2":2},"b":{},"_coverageSchema":"1a1c01bbd47fc00a2c39e90264f33305004495a9","hash":"2e44f5e3b5a3aac856035d97502c8e08e6bc141c"}
,"/Users/isakamanlarsson/Code/upcoming-concerts/server/assets/genreHelpers.js": {"path":"/Users/isakamanlarsson/Code/upcoming-concerts/server/assets/genreHelpers.js","statementMap":{"0":{"start":{"line":2,"column":22},"end":{"line":17,"column":1}},"1":{"start":{"line":19,"column":32},"end":{"line":25,"column":1}},"2":{"start":{"line":20,"column":22},"end":{"line":20,"column":24}},"3":{"start":{"line":21,"column":4},"end":{"line":23,"column":5}},"4":{"start":{"line":22,"column":8},"end":{"line":22,"column":49}},"5":{"start":{"line":24,"column":4},"end":{"line":24,"column":22}}},"fnMap":{"0":{"name":"(anonymous_0)","decl":{"start":{"line":19,"column":32},"end":{"line":19,"column":33}},"loc":{"start":{"line":19,"column":47},"end":{"line":25,"column":1}},"line":19}},"branchMap":{},"s":{"0":1,"1":1,"2":2,"3":2,"4":2,"5":2},"f":{"0":2},"b":{},"_coverageSchema":"1a1c01bbd47fc00a2c39e90264f33305004495a9","hash":"79c4d8dc475acf7d0cfc2f9eb69dd3cb4adedbc7"}
,"/Users/isakamanlarsson/Code/upcoming-concerts/server/controllers/eventController.js": {"path":"/Users/isakamanlarsson/Code/upcoming-concerts/server/controllers/eventController.js","statementMap":{"0":{"start":{"line":5,"column":17},"end":{"line":5,"column":36}},"1":{"start":{"line":7,"column":23},"end":{"line":14,"column":1}},"2":{"start":{"line":8,"column":23},"end":{"line":8,"column":25}},"3":{"start":{"line":9,"column":4},"end":{"line":12,"column":5}},"4":{"start":{"line":10,"column":26},"end":{"line":10,"column":58}},"5":{"start":{"line":11,"column":8},"end":{"line":11,"column":36}},"6":{"start":{"line":13,"column":4},"end":{"line":13,"column":23}},"7":{"start":{"line":16,"column":23},"end":{"line":18,"column":1}},"8":{"start":{"line":17,"column":4},"end":{"line":17,"column":95}},"9":{"start":{"line":20,"column":24},"end":{"line":29,"column":1}},"10":{"start":{"line":21,"column":4},"end":{"line":21,"column":58}},"11":{"start":{"line":22,"column":22},"end":{"line":22,"column":60}},"12":{"start":{"line":23,"column":4},"end":{"line":26,"column":5}},"13":{"start":{"line":24,"column":8},"end":{"line":24,"column":23}},"14":{"start":{"line":25,"column":8},"end":{"line":25,"column":75}},"15":{"start":{"line":27,"column":23},"end":{"line":27,"column":67}},"16":{"start":{"line":28,"column":4},"end":{"line":28,"column":21}},"17":{"start":{"line":31,"column":25},"end":{"line":57,"column":2}},"18":{"start":{"line":32,"column":20},"end":{"line":34,"column":6}},"19":{"start":{"line":35,"column":4},"end":{"line":56,"column":5}},"20":{"start":{"line":36,"column":23},"end":{"line":36,"column":32}},"21":{"start":{"line":37,"column":31},"end":{"line":37,"column":40}},"22":{"start":{"line":38,"column":25},"end":{"line":38,"column":69}},"23":{"start":{"line":39,"column":8},"end":{"line":39,"column":51}},"24":{"start":{"line":40,"column":8},"end":{"line":40,"column":56}},"25":{"start":{"line":40,"column":39},"end":{"line":40,"column":56}},"26":{"start":{"line":41,"column":21},"end":{"line":41,"column":44}},"27":{"start":{"line":43,"column":28},"end":{"line":43,"column":52}},"28":{"start":{"line":44,"column":27},"end":{"line":49,"column":9}},"29":{"start":{"line":50,"column":26},"end":{"line":50,"column":58}},"30":{"start":{"line":51,"column":8},"end":{"line":51,"column":23}},"31":{"start":{"line":52,"column":8},"end":{"line":52,"column":27}},"32":{"start":{"line":54,"column":8},"end":{"line":54,"column":23}},"33":{"start":{"line":55,"column":8},"end":{"line":55,"column":19}}},"fnMap":{"0":{"name":"(anonymous_0)","decl":{"start":{"line":7,"column":23},"end":{"line":7,"column":24}},"loc":{"start":{"line":7,"column":45},"end":{"line":14,"column":1}},"line":7},"1":{"name":"(anonymous_1)","decl":{"start":{"line":16,"column":23},"end":{"line":16,"column":24}},"loc":{"start":{"line":16,"column":50},"end":{"line":18,"column":1}},"line":16},"2":{"name":"(anonymous_2)","decl":{"start":{"line":20,"column":24},"end":{"line":20,"column":25}},"loc":{"start":{"line":20,"column":68},"end":{"line":29,"column":1}},"line":20},"3":{"name":"(anonymous_3)","decl":{"start":{"line":31,"column":38},"end":{"line":31,"column":39}},"loc":{"start":{"line":31,"column":58},"end":{"line":57,"column":1}},"line":31}},"branchMap":{"0":{"loc":{"start":{"line":23,"column":4},"end":{"line":26,"column":5}},"type":"if","locations":[{"start":{"line":23,"column":4},"end":{"line":26,"column":5}},{"start":{},"end":{}}],"line":23},"1":{"loc":{"start":{"line":38,"column":25},"end":{"line":38,"column":69}},"type":"cond-expr","locations":[{"start":{"line":38,"column":46},"end":{"line":38,"column":48}},{"start":{"line":38,"column":51},"end":{"line":38,"column":69}}],"line":38},"2":{"loc":{"start":{"line":39,"column":17},"end":{"line":39,"column":51}},"type":"cond-expr","locations":[{"start":{"line":39,"column":40},"end":{"line":39,"column":42}},{"start":{"line":39,"column":45},"end":{"line":39,"column":51}}],"line":39},"3":{"loc":{"start":{"line":40,"column":8},"end":{"line":40,"column":56}},"type":"if","locations":[{"start":{"line":40,"column":8},"end":{"line":40,"column":56}},{"start":{},"end":{}}],"line":40}},"s":{"0":1,"1":1,"2":1,"3":1,"4":1,"5":0,"6":0,"7":1,"8":2,"9":1,"10":2,"11":2,"12":2,"13":1,"14":1,"15":1,"16":1,"17":1,"18":2,"19":2,"20":2,"21":2,"22":2,"23":2,"24":2,"25":2,"26":2,"27":2,"28":2,"29":1,"30":0,"31":0,"32":2,"33":2},"f":{"0":1,"1":2,"2":2,"3":2},"b":{"0":[1,1],"1":[1,1],"2":[2,0],"3":[2,0]},"_coverageSchema":"1a1c01bbd47fc00a2c39e90264f33305004495a9","hash":"1b73b99151e07ed553ea8652dcb2ec785e31caaf"}
,"/Users/isakamanlarsson/Code/upcoming-concerts/server/middleware/errorHandler.js": {"path":"/Users/isakamanlarsson/Code/upcoming-concerts/server/middleware/errorHandler.js","statementMap":{"0":{"start":{"line":1,"column":29},"end":{"line":10,"column":1}},"1":{"start":{"line":2,"column":4},"end":{"line":2,"column":33}},"2":{"start":{"line":3,"column":23},"end":{"line":3,"column":60}},"3":{"start":{"line":4,"column":4},"end":{"line":4,"column":73}},"4":{"start":{"line":5,"column":4},"end":{"line":9,"column":6}}},"fnMap":{"0":{"name":"(anonymous_0)","decl":{"start":{"line":1,"column":29},"end":{"line":1,"column":30}},"loc":{"start":{"line":1,"column":54},"end":{"line":10,"column":1}},"line":1}},"branchMap":{"0":{"loc":{"start":{"line":3,"column":23},"end":{"line":3,"column":60}},"type":"cond-expr","locations":[{"start":{"line":3,"column":40},"end":{"line":3,"column":54}},{"start":{"line":3,"column":57},"end":{"line":3,"column":60}}],"line":3},"1":{"loc":{"start":{"line":4,"column":18},"end":{"line":4,"column":72}},"type":"cond-expr","locations":[{"start":{"line":4,"column":58},"end":{"line":4,"column":67}},{"start":{"line":4,"column":70},"end":{"line":4,"column":72}}],"line":4},"2":{"loc":{"start":{"line":6,"column":22},"end":{"line":8,"column":54}},"type":"cond-expr","locations":[{"start":{"line":7,"column":14},"end":{"line":7,"column":25}},{"start":{"line":8,"column":14},"end":{"line":8,"column":54}}],"line":6}},"s":{"0":1,"1":2,"2":2,"3":2,"4":2},"f":{"0":2},"b":{"0":[2,0],"1":[0,2],"2":[2,0]},"_coverageSchema":"1a1c01bbd47fc00a2c39e90264f33305004495a9","hash":"069f83eeb1c32b2a3ffa802f2c7f962916c10e8e"}
,"/Users/isakamanlarsson/Code/upcoming-concerts/server/routes/eventRoutes.js": {"path":"/Users/isakamanlarsson/Code/upcoming-concerts/server/routes/eventRoutes.js","statementMap":{"0":{"start":{"line":4,"column":15},"end":{"line":4,"column":31}},"1":{"start":{"line":6,"column":0},"end":{"line":6,"column":36}}},"fnMap":{},"branchMap":{},"s":{"0":1,"1":1},"f":{},"b":{},"_coverageSchema":"1a1c01bbd47fc00a2c39e90264f33305004495a9","hash":"6a9df34870ec4b105ba0029f8f64a6012457e50c"}
}
