TN:
SF:eventInfoParser.js
FN:22,(anonymous_0)
FN:23,(anonymous_1)
FN:29,(anonymous_2)
FN:34,(anonymous_3)
FNF:4
FNH:1
FNDA:0,(anonymous_0)
FNDA:0,(anonymous_1)
FNDA:1,(anonymous_2)
FNDA:0,(anonymous_3)
DA:1,1
DA:12,1
DA:22,1
DA:23,0
DA:24,0
DA:26,0
DA:29,1
DA:33,1
DA:34,1
DA:35,0
DA:36,0
DA:40,0
DA:42,0
LF:13
LH:6
BRDA:31,0,0,1
BRF:1
BRH:1
end_of_record
TN:
SF:server.js
FN:5,createServer
FN:7,(anonymous_1)
FN:15,(anonymous_2)
FNF:3
FNH:3
FNDA:1,createServer
FNDA:2,(anonymous_1)
FNDA:2,(anonymous_2)
DA:6,1
DA:7,1
DA:8,2
DA:9,2
DA:13,2
DA:15,1
DA:16,2
DA:17,2
DA:19,1
DA:20,1
DA:21,1
DA:22,1
LF:12
LH:12
BRF:0
BRH:0
end_of_record
TN:
SF:assets/genreHelpers.js
FN:19,(anonymous_0)
FNF:1
FNH:1
FNDA:2,(anonymous_0)
DA:2,1
DA:19,1
DA:20,2
DA:21,2
DA:22,2
DA:24,2
LF:6
LH:6
BRF:0
BRH:0
end_of_record
TN:
SF:controllers/eventController.js
FN:7,(anonymous_0)
FN:16,(anonymous_1)
FN:20,(anonymous_2)
FN:31,(anonymous_3)
FNF:4
FNH:4
FNDA:1,(anonymous_0)
FNDA:2,(anonymous_1)
FNDA:2,(anonymous_2)
FNDA:2,(anonymous_3)
DA:5,1
DA:7,1
DA:8,1
DA:9,1
DA:10,1
DA:11,0
DA:13,0
DA:16,1
DA:17,2
DA:20,1
DA:21,2
DA:22,2
DA:23,2
DA:24,1
DA:25,1
DA:27,1
DA:28,1
DA:31,1
DA:32,2
DA:35,2
DA:36,2
DA:37,2
DA:38,2
DA:39,2
DA:40,2
DA:41,2
DA:43,2
DA:44,2
DA:50,1
DA:51,0
DA:52,0
DA:54,2
DA:55,2
LF:33
LH:29
BRDA:23,0,0,1
BRDA:23,0,1,1
BRDA:38,1,0,1
BRDA:38,1,1,1
BRDA:39,2,0,2
BRDA:39,2,1,0
BRDA:40,3,0,2
BRDA:40,3,1,0
BRF:8
BRH:6
end_of_record
TN:
SF:middleware/errorHandler.js
FN:1,(anonymous_0)
FNF:1
FNH:1
FNDA:2,(anonymous_0)
DA:1,1
DA:2,2
DA:3,2
DA:4,2
DA:5,2
LF:5
LH:5
BRDA:3,0,0,2
BRDA:3,0,1,0
BRDA:4,1,0,0
BRDA:4,1,1,2
BRDA:6,2,0,2
BRDA:6,2,1,0
BRF:6
BRH:3
end_of_record
TN:
SF:routes/eventRoutes.js
FNF:0
FNH:0
DA:4,1
DA:6,1
LF:2
LH:2
BRF:0
BRH:0
end_of_record
